#
# There is insufficient memory for the Java Runtime Environment to continue.
# Native memory allocation (malloc) failed to allocate 32744 bytes for ChunkPool::allocate
# Possible reasons:
#   The system is out of physical RAM or swap space
#   The process is running with CompressedOops enabled, and the Java Heap may be blocking the growth of the native heap
# Possible solutions:
#   Reduce memory load on the system
#   Increase physical memory or swap space
#   Check if swap backing store is full
#   Decrease Java heap size (-Xmx/-Xms)
#   Decrease number of Java threads
#   Decrease Java thread stack sizes (-Xss)
#   Set larger code cache with -XX:ReservedCodeCacheSize=
#   JVM is running with Unscaled Compressed Oops mode in which the Java heap is
#     placed in the first 4GB address space. The Java Heap base address is the
#     maximum limit for the native heap growth. Please use -XX:HeapBaseMinAddress
#     to set the Java Heap base and to place the Java Heap above 4GB virtual address.
# This output file may be truncated or incomplete.
#
#  Out of Memory Error (src/hotspot/share/memory/arena.cpp:81), pid=23524, tid=8880
#
# JRE version: OpenJDK Runtime Environment JBR-11.0.14.1.1-2043.45-jcef (11.0.14.1+1) (build 11.0.14.1+1-b2043.45)
# Java VM: OpenJDK 64-Bit Server VM JBR-11.0.14.1.1-2043.45-jcef (11.0.14.1+1-b2043.45, mixed mode, tiered, compressed oops, g1 gc, windows-amd64)
# No core dump will be written. Minidumps are not enabled by default on client versions of Windows
#

---------------  S U M M A R Y ------------

Command Line: -Djava.rmi.server.hostname=127.0.0.1 -Duser.timezone=UTC -Xmx750m -Xms128m -Dfile.encoding=UTF-8 com.intellij.database.remote.RemoteJdbcServer com.mysql.cj.jdbc.Driver

Host: Intel(R) Core(TM) i7-9750H CPU @ 2.60GHz, 12 cores, 7G,  Windows 10 , 64 bit Build 19041 (10.0.19041.292)
Time: Thu May  2 00:03:35 2024 中国标准时间 elapsed time: 5968.507280 seconds (0d 1h 39m 28s)

---------------  T H R E A D  ---------------

Current thread (0x000001e6e329e800):  JavaThread "C2 CompilerThread0" daemon [_thread_in_native, id=8880, stack(0x000000acfae00000,0x000000acfaf00000)]


Current CompileTask:
C2:5968509 2549       4       java.io.ObjectOutputStream::writeClassDesc (60 bytes)

Stack: [0x000000acfae00000,0x000000acfaf00000]
Native frames: (J=compiled Java code, j=interpreted, Vv=VM code, C=native code)
V  [jvm.dll+0x61618a]
V  [jvm.dll+0x79c450]
V  [jvm.dll+0x79da6d]
V  [jvm.dll+0x79e143]
V  [jvm.dll+0x24c968]
V  [jvm.dll+0xc165b]
V  [jvm.dll+0xc190c]
V  [jvm.dll+0x36870c]
V  [jvm.dll+0x50d45e]
V  [jvm.dll+0x50c873]
V  [jvm.dll+0x50d046]
V  [jvm.dll+0x32e162]
V  [jvm.dll+0x32d62a]
V  [jvm.dll+0x204dd2]
V  [jvm.dll+0x203f57]
V  [jvm.dll+0x18b5e1]
V  [jvm.dll+0x212c6f]
V  [jvm.dll+0x211511]
V  [jvm.dll+0x762b9f]
V  [jvm.dll+0x75b755]
V  [jvm.dll+0x614df6]
C  [ucrtbase.dll+0x214c2]
C  [KERNEL32.DLL+0x16fd4]
C  [ntdll.dll+0x4cec1]


---------------  P R O C E S S  ---------------

Threads class SMR info:
_java_thread_list=0x000001e6e4046900, length=18, elements={
0x000001e6cb870800, 0x000001e6e3257800, 0x000001e6e3282000, 0x000001e6e3294000,
0x000001e6e3295000, 0x000001e6e3297800, 0x000001e6e329e800, 0x000001e6e329f800,
0x000001e6e32a1800, 0x000001e6e3c71800, 0x000001e6e3d16800, 0x000001e6e3fc4800,
0x000001e6e3fca800, 0x000001e6e3fff800, 0x000001e6e4008800, 0x000001e6e44e0000,
0x000001e6e4eda800, 0x000001e6e464f000
}

Java Threads: ( => current thread )
  0x000001e6cb870800 JavaThread "main" [_thread_blocked, id=19048, stack(0x000000acfa200000,0x000000acfa300000)]
  0x000001e6e3257800 JavaThread "Reference Handler" daemon [_thread_blocked, id=1508, stack(0x000000acfa900000,0x000000acfaa00000)]
  0x000001e6e3282000 JavaThread "Finalizer" daemon [_thread_blocked, id=18336, stack(0x000000acfaa00000,0x000000acfab00000)]
  0x000001e6e3294000 JavaThread "Signal Dispatcher" daemon [_thread_blocked, id=23540, stack(0x000000acfab00000,0x000000acfac00000)]
  0x000001e6e3295000 JavaThread "Attach Listener" daemon [_thread_blocked, id=21196, stack(0x000000acfac00000,0x000000acfad00000)]
  0x000001e6e3297800 JavaThread "Service Thread" daemon [_thread_blocked, id=18176, stack(0x000000acfad00000,0x000000acfae00000)]
=>0x000001e6e329e800 JavaThread "C2 CompilerThread0" daemon [_thread_in_native, id=8880, stack(0x000000acfae00000,0x000000acfaf00000)]
  0x000001e6e329f800 JavaThread "C1 CompilerThread0" daemon [_thread_blocked, id=22984, stack(0x000000acfaf00000,0x000000acfb000000)]
  0x000001e6e32a1800 JavaThread "Sweeper thread" daemon [_thread_blocked, id=18620, stack(0x000000acfb000000,0x000000acfb100000)]
  0x000001e6e3c71800 JavaThread "Common-Cleaner" daemon [_thread_blocked, id=22060, stack(0x000000acfb200000,0x000000acfb300000)]
  0x000001e6e3d16800 JavaThread "mysql-cj-abandoned-connection-cleanup" daemon [_thread_blocked, id=18612, stack(0x000000acfb400000,0x000000acfb500000)]
  0x000001e6e3fc4800 JavaThread "RMI TCP Accept-23177" daemon [_thread_in_native, id=12908, stack(0x000000acfb300000,0x000000acfb400000)]
  0x000001e6e3fca800 JavaThread "RMI TCP Accept-0" daemon [_thread_in_native, id=18728, stack(0x000000acfb500000,0x000000acfb600000)]
  0x000001e6e3fff800 JavaThread "RMI Reaper" [_thread_blocked, id=15404, stack(0x000000acfb600000,0x000000acfb700000)]
  0x000001e6e4008800 JavaThread "RMI GC Daemon" daemon [_thread_blocked, id=6276, stack(0x000000acfb700000,0x000000acfb800000)]
  0x000001e6e44e0000 JavaThread "RMI TCP Connection(1)-127.0.0.1" daemon [_thread_in_native, id=15524, stack(0x000000acfba00000,0x000000acfbb00000)]
  0x000001e6e4eda800 JavaThread "RMI Scheduler(0)" daemon [_thread_blocked, id=21820, stack(0x000000acfbb00000,0x000000acfbc00000)]
  0x000001e6e464f000 JavaThread "RMI TCP Connection(2)-127.0.0.1" daemon [_thread_in_native, id=22964, stack(0x000000acfbc00000,0x000000acfbd00000)]

Other Threads:
  0x000001e6e3256000 VMThread "VM Thread" [stack: 0x000000acfa800000,0x000000acfa900000] [id=21920]
  0x000001e6e3c6b800 WatcherThread [stack: 0x000000acfb100000,0x000000acfb200000] [id=15408]
  0x000001e6cb889000 GCTaskThread "GC Thread#0" [stack: 0x000000acfa300000,0x000000acfa400000] [id=19824]
  0x000001e6e4ea2800 GCTaskThread "GC Thread#1" [stack: 0x000000acfb900000,0x000000acfba00000] [id=2032]
  0x000001e6e4ea3800 GCTaskThread "GC Thread#2" [stack: 0x000000acfbd00000,0x000000acfbe00000] [id=11172]
  0x000001e6e4f37000 GCTaskThread "GC Thread#3" [stack: 0x000000acfbe00000,0x000000acfbf00000] [id=15644]
  0x000001e6cb8a0000 ConcurrentGCThread "G1 Main Marker" [stack: 0x000000acfa400000,0x000000acfa500000] [id=4164]
  0x000001e6cb8a5800 ConcurrentGCThread "G1 Conc#0" [stack: 0x000000acfa500000,0x000000acfa600000] [id=9024]
  0x000001e6e533e000 ConcurrentGCThread "G1 Conc#1" [stack: 0x000000acfbf00000,0x000000acfc000000] [id=17156]
  0x000001e6e465e000 ConcurrentGCThread "G1 Conc#2" [stack: 0x000000acfc000000,0x000000acfc100000] [id=24004]
  0x000001e6cb94d800 ConcurrentGCThread "G1 Refine#0" [stack: 0x000000acfa600000,0x000000acfa700000] [id=20704]
  0x000001e6e30c0800 ConcurrentGCThread "G1 Young RemSet Sampling" [stack: 0x000000acfa700000,0x000000acfa800000] [id=21160]

Threads with active compile tasks:
C2 CompilerThread05968584 2549       4       java.io.ObjectOutputStream::writeClassDesc (60 bytes)

VM state:not at safepoint (normal execution)

VM Mutex/Monitor currently owned by a thread: None

Heap address: 0x00000000d1200000, size: 750 MB, Compressed Oops mode: 32-bit
Narrow klass base: 0x0000000000000000, Narrow klass shift: 3
Compressed class space size: 1073741824 Address: 0x0000000100000000

Heap:
 garbage-first heap   total 131072K, used 10958K [0x00000000d1200000, 0x0000000100000000)
  region size 1024K, 5 young (5120K), 0 survivors (0K)
 Metaspace       used 22130K, capacity 22796K, committed 22960K, reserved 1069056K
  class space    used 2285K, capacity 2527K, committed 2560K, reserved 1048576K
Heap Regions: E=young(eden), S=young(survivor), O=old, HS=humongous(starts), HC=humongous(continues), CS=collection set, F=free, A=archive, TAMS=top-at-mark-start (previous, next)
|   0|0x00000000d1200000, 0x00000000d12ffa68, 0x00000000d1300000| 99%| O|  |TAMS 0x00000000d1200000, 0x00000000d1200000| Untracked 
|   1|0x00000000d1300000, 0x00000000d13ffff8, 0x00000000d1400000| 99%| O|  |TAMS 0x00000000d1300000, 0x00000000d1300000| Untracked 
|   2|0x00000000d1400000, 0x00000000d14fbd10, 0x00000000d1500000| 98%| O|  |TAMS 0x00000000d1400000, 0x00000000d1400000| Untracked 
|   3|0x00000000d1500000, 0x00000000d15ffff0, 0x00000000d1600000| 99%| O|  |TAMS 0x00000000d1500000, 0x00000000d1500000| Untracked 
|   4|0x00000000d1600000, 0x00000000d16ffff8, 0x00000000d1700000| 99%| O|  |TAMS 0x00000000d1600000, 0x00000000d1600000| Untracked 
|   5|0x00000000d1700000, 0x00000000d17ffff0, 0x00000000d1800000| 99%| O|  |TAMS 0x00000000d1700000, 0x00000000d1700000| Untracked 
|   6|0x00000000d1800000, 0x00000000d18566e0, 0x00000000d1900000| 33%| O|  |TAMS 0x00000000d1800000, 0x00000000d1800000| Untracked 
|   7|0x00000000d1900000, 0x00000000d192d038, 0x00000000d1a00000| 17%| O|  |TAMS 0x00000000d1900000, 0x00000000d1900000| Untracked 
|   8|0x00000000d1a00000, 0x00000000d1a00000, 0x00000000d1b00000|  0%| F|  |TAMS 0x00000000d1a00000, 0x00000000d1a00000| Untracked 
|   9|0x00000000d1b00000, 0x00000000d1b00000, 0x00000000d1c00000|  0%| F|  |TAMS 0x00000000d1b00000, 0x00000000d1b00000| Untracked 
|  10|0x00000000d1c00000, 0x00000000d1c00000, 0x00000000d1d00000|  0%| F|  |TAMS 0x00000000d1c00000, 0x00000000d1c00000| Untracked 
|  11|0x00000000d1d00000, 0x00000000d1d00000, 0x00000000d1e00000|  0%| F|  |TAMS 0x00000000d1d00000, 0x00000000d1d00000| Untracked 
|  12|0x00000000d1e00000, 0x00000000d1e00000, 0x00000000d1f00000|  0%| F|  |TAMS 0x00000000d1e00000, 0x00000000d1e00000| Untracked 
|  13|0x00000000d1f00000, 0x00000000d1f00000, 0x00000000d2000000|  0%| F|  |TAMS 0x00000000d1f00000, 0x00000000d1f00000| Untracked 
|  14|0x00000000d2000000, 0x00000000d2000000, 0x00000000d2100000|  0%| F|  |TAMS 0x00000000d2000000, 0x00000000d2000000| Untracked 
|  15|0x00000000d2100000, 0x00000000d2100000, 0x00000000d2200000|  0%| F|  |TAMS 0x00000000d2100000, 0x00000000d2100000| Untracked 
|  16|0x00000000d2200000, 0x00000000d2200000, 0x00000000d2300000|  0%| F|  |TAMS 0x00000000d2200000, 0x00000000d2200000| Untracked 
|  17|0x00000000d2300000, 0x00000000d2300000, 0x00000000d2400000|  0%| F|  |TAMS 0x00000000d2300000, 0x00000000d2300000| Untracked 
|  18|0x00000000d2400000, 0x00000000d2400000, 0x00000000d2500000|  0%| F|  |TAMS 0x00000000d2400000, 0x00000000d2400000| Untracked 
|  19|0x00000000d2500000, 0x00000000d2500000, 0x00000000d2600000|  0%| F|  |TAMS 0x00000000d2500000, 0x00000000d2500000| Untracked 
|  20|0x00000000d2600000, 0x00000000d2600000, 0x00000000d2700000|  0%| F|  |TAMS 0x00000000d2600000, 0x00000000d2600000| Untracked 
|  21|0x00000000d2700000, 0x00000000d2700000, 0x00000000d2800000|  0%| F|  |TAMS 0x00000000d2700000, 0x00000000d2700000| Untracked 
|  22|0x00000000d2800000, 0x00000000d2800000, 0x00000000d2900000|  0%| F|  |TAMS 0x00000000d2800000, 0x00000000d2800000| Untracked 
|  23|0x00000000d2900000, 0x00000000d2900000, 0x00000000d2a00000|  0%| F|  |TAMS 0x00000000d2900000, 0x00000000d2900000| Untracked 
|  24|0x00000000d2a00000, 0x00000000d2a00000, 0x00000000d2b00000|  0%| F|  |TAMS 0x00000000d2a00000, 0x00000000d2a00000| Untracked 
|  25|0x00000000d2b00000, 0x00000000d2b00000, 0x00000000d2c00000|  0%| F|  |TAMS 0x00000000d2b00000, 0x00000000d2b00000| Untracked 
|  26|0x00000000d2c00000, 0x00000000d2c00000, 0x00000000d2d00000|  0%| F|  |TAMS 0x00000000d2c00000, 0x00000000d2c00000| Untracked 
|  27|0x00000000d2d00000, 0x00000000d2d00000, 0x00000000d2e00000|  0%| F|  |TAMS 0x00000000d2d00000, 0x00000000d2d00000| Untracked 
|  28|0x00000000d2e00000, 0x00000000d2e00000, 0x00000000d2f00000|  0%| F|  |TAMS 0x00000000d2e00000, 0x00000000d2e00000| Untracked 
|  29|0x00000000d2f00000, 0x00000000d2f00000, 0x00000000d3000000|  0%| F|  |TAMS 0x00000000d2f00000, 0x00000000d2f00000| Untracked 
|  30|0x00000000d3000000, 0x00000000d3000000, 0x00000000d3100000|  0%| F|  |TAMS 0x00000000d3000000, 0x00000000d3000000| Untracked 
|  31|0x00000000d3100000, 0x00000000d3100000, 0x00000000d3200000|  0%| F|  |TAMS 0x00000000d3100000, 0x00000000d3100000| Untracked 
|  32|0x00000000d3200000, 0x00000000d3200000, 0x00000000d3300000|  0%| F|  |TAMS 0x00000000d3200000, 0x00000000d3200000| Untracked 
|  33|0x00000000d3300000, 0x00000000d3300000, 0x00000000d3400000|  0%| F|  |TAMS 0x00000000d3300000, 0x00000000d3300000| Untracked 
|  34|0x00000000d3400000, 0x00000000d3400000, 0x00000000d3500000|  0%| F|  |TAMS 0x00000000d3400000, 0x00000000d3400000| Untracked 
|  35|0x00000000d3500000, 0x00000000d3500000, 0x00000000d3600000|  0%| F|  |TAMS 0x00000000d3500000, 0x00000000d3500000| Untracked 
|  36|0x00000000d3600000, 0x00000000d3600000, 0x00000000d3700000|  0%| F|  |TAMS 0x00000000d3600000, 0x00000000d3600000| Untracked 
|  37|0x00000000d3700000, 0x00000000d3700000, 0x00000000d3800000|  0%| F|  |TAMS 0x00000000d3700000, 0x00000000d3700000| Untracked 
|  38|0x00000000d3800000, 0x00000000d3800000, 0x00000000d3900000|  0%| F|  |TAMS 0x00000000d3800000, 0x00000000d3800000| Untracked 
|  39|0x00000000d3900000, 0x00000000d3900000, 0x00000000d3a00000|  0%| F|  |TAMS 0x00000000d3900000, 0x00000000d3900000| Untracked 
|  40|0x00000000d3a00000, 0x00000000d3a34ac0, 0x00000000d3b00000| 20%| O|  |TAMS 0x00000000d3a00000, 0x00000000d3a00000| Untracked 
|  41|0x00000000d3b00000, 0x00000000d3b00000, 0x00000000d3c00000|  0%| F|  |TAMS 0x00000000d3b00000, 0x00000000d3b00000| Untracked 
|  42|0x00000000d3c00000, 0x00000000d3c00000, 0x00000000d3d00000|  0%| F|  |TAMS 0x00000000d3c00000, 0x00000000d3c00000| Untracked 
|  43|0x00000000d3d00000, 0x00000000d3d00000, 0x00000000d3e00000|  0%| F|  |TAMS 0x00000000d3d00000, 0x00000000d3d00000| Untracked 
|  44|0x00000000d3e00000, 0x00000000d3e00000, 0x00000000d3f00000|  0%| F|  |TAMS 0x00000000d3e00000, 0x00000000d3e00000| Untracked 
|  45|0x00000000d3f00000, 0x00000000d3f00000, 0x00000000d4000000|  0%| F|  |TAMS 0x00000000d3f00000, 0x00000000d3f00000| Untracked 
|  46|0x00000000d4000000, 0x00000000d4000000, 0x00000000d4100000|  0%| F|  |TAMS 0x00000000d4000000, 0x00000000d4000000| Untracked 
|  47|0x00000000d4100000, 0x00000000d4100000, 0x00000000d4200000|  0%| F|  |TAMS 0x00000000d4100000, 0x00000000d4100000| Untracked 
|  48|0x00000000d4200000, 0x00000000d4200000, 0x00000000d4300000|  0%| F|  |TAMS 0x00000000d4200000, 0x00000000d4200000| Untracked 
|  49|0x00000000d4300000, 0x00000000d4300000, 0x00000000d4400000|  0%| F|  |TAMS 0x00000000d4300000, 0x00000000d4300000| Untracked 
|  50|0x00000000d4400000, 0x00000000d4400000, 0x00000000d4500000|  0%| F|  |TAMS 0x00000000d4400000, 0x00000000d4400000| Untracked 
|  51|0x00000000d4500000, 0x00000000d4500000, 0x00000000d4600000|  0%| F|  |TAMS 0x00000000d4500000, 0x00000000d4500000| Untracked 
|  52|0x00000000d4600000, 0x00000000d4600000, 0x00000000d4700000|  0%| F|  |TAMS 0x00000000d4600000, 0x00000000d4600000| Untracked 
|  53|0x00000000d4700000, 0x00000000d4700000, 0x00000000d4800000|  0%| F|  |TAMS 0x00000000d4700000, 0x00000000d4700000| Untracked 
|  54|0x00000000d4800000, 0x00000000d4800000, 0x00000000d4900000|  0%| F|  |TAMS 0x00000000d4800000, 0x00000000d4800000| Untracked 
|  55|0x00000000d4900000, 0x00000000d4900000, 0x00000000d4a00000|  0%| F|  |TAMS 0x00000000d4900000, 0x00000000d4900000| Untracked 
|  56|0x00000000d4a00000, 0x00000000d4a00000, 0x00000000d4b00000|  0%| F|  |TAMS 0x00000000d4a00000, 0x00000000d4a00000| Untracked 
|  57|0x00000000d4b00000, 0x00000000d4b00000, 0x00000000d4c00000|  0%| F|  |TAMS 0x00000000d4b00000, 0x00000000d4b00000| Untracked 
|  58|0x00000000d4c00000, 0x00000000d4c00000, 0x00000000d4d00000|  0%| F|  |TAMS 0x00000000d4c00000, 0x00000000d4c00000| Untracked 
|  59|0x00000000d4d00000, 0x00000000d4d00000, 0x00000000d4e00000|  0%| F|  |TAMS 0x00000000d4d00000, 0x00000000d4d00000| Untracked 
|  60|0x00000000d4e00000, 0x00000000d4e00000, 0x00000000d4f00000|  0%| F|  |TAMS 0x00000000d4e00000, 0x00000000d4e00000| Untracked 
|  61|0x00000000d4f00000, 0x00000000d4f00000, 0x00000000d5000000|  0%| F|  |TAMS 0x00000000d4f00000, 0x00000000d4f00000| Untracked 
|  62|0x00000000d5000000, 0x00000000d5000000, 0x00000000d5100000|  0%| F|  |TAMS 0x00000000d5000000, 0x00000000d5000000| Untracked 
|  63|0x00000000d5100000, 0x00000000d5100000, 0x00000000d5200000|  0%| F|  |TAMS 0x00000000d5100000, 0x00000000d5100000| Untracked 
|  64|0x00000000d5200000, 0x00000000d5200000, 0x00000000d5300000|  0%| F|  |TAMS 0x00000000d5200000, 0x00000000d5200000| Untracked 
|  65|0x00000000d5300000, 0x00000000d5300000, 0x00000000d5400000|  0%| F|  |TAMS 0x00000000d5300000, 0x00000000d5300000| Untracked 
|  66|0x00000000d5400000, 0x00000000d5400000, 0x00000000d5500000|  0%| F|  |TAMS 0x00000000d5400000, 0x00000000d5400000| Untracked 
|  67|0x00000000d5500000, 0x00000000d5500000, 0x00000000d5600000|  0%| F|  |TAMS 0x00000000d5500000, 0x00000000d5500000| Untracked 
|  68|0x00000000d5600000, 0x00000000d5600000, 0x00000000d5700000|  0%| F|  |TAMS 0x00000000d5600000, 0x00000000d5600000| Untracked 
|  69|0x00000000d5700000, 0x00000000d5700000, 0x00000000d5800000|  0%| F|  |TAMS 0x00000000d5700000, 0x00000000d5700000| Untracked 
|  70|0x00000000d5800000, 0x00000000d5800000, 0x00000000d5900000|  0%| F|  |TAMS 0x00000000d5800000, 0x00000000d5800000| Untracked 
|  71|0x00000000d5900000, 0x00000000d5900000, 0x00000000d5a00000|  0%| F|  |TAMS 0x00000000d5900000, 0x00000000d5900000| Untracked 
|  72|0x00000000d5a00000, 0x00000000d5a00000, 0x00000000d5b00000|  0%| F|  |TAMS 0x00000000d5a00000, 0x00000000d5a00000| Untracked 
|  73|0x00000000d5b00000, 0x00000000d5b00000, 0x00000000d5c00000|  0%| F|  |TAMS 0x00000000d5b00000, 0x00000000d5b00000| Untracked 
|  74|0x00000000d5c00000, 0x00000000d5c00000, 0x00000000d5d00000|  0%| F|  |TAMS 0x00000000d5c00000, 0x00000000d5c00000| Untracked 
|  75|0x00000000d5d00000, 0x00000000d5d00000, 0x00000000d5e00000|  0%| F|  |TAMS 0x00000000d5d00000, 0x00000000d5d00000| Untracked 
|  76|0x00000000d5e00000, 0x00000000d5e00000, 0x00000000d5f00000|  0%| F|  |TAMS 0x00000000d5e00000, 0x00000000d5e00000| Untracked 
|  77|0x00000000d5f00000, 0x00000000d5f00000, 0x00000000d6000000|  0%| F|  |TAMS 0x00000000d5f00000, 0x00000000d5f00000| Untracked 
|  78|0x00000000d6000000, 0x00000000d6000000, 0x00000000d6100000|  0%| F|  |TAMS 0x00000000d6000000, 0x00000000d6000000| Untracked 
|  79|0x00000000d6100000, 0x00000000d6100000, 0x00000000d6200000|  0%| F|  |TAMS 0x00000000d6100000, 0x00000000d6100000| Untracked 
|  80|0x00000000d6200000, 0x00000000d6200000, 0x00000000d6300000|  0%| F|  |TAMS 0x00000000d6200000, 0x00000000d6200000| Untracked 
|  81|0x00000000d6300000, 0x00000000d6300000, 0x00000000d6400000|  0%| F|  |TAMS 0x00000000d6300000, 0x00000000d6300000| Untracked 
|  82|0x00000000d6400000, 0x00000000d6400000, 0x00000000d6500000|  0%| F|  |TAMS 0x00000000d6400000, 0x00000000d6400000| Untracked 
|  83|0x00000000d6500000, 0x00000000d6500000, 0x00000000d6600000|  0%| F|  |TAMS 0x00000000d6500000, 0x00000000d6500000| Untracked 
|  84|0x00000000d6600000, 0x00000000d6600000, 0x00000000d6700000|  0%| F|  |TAMS 0x00000000d6600000, 0x00000000d6600000| Untracked 
|  85|0x00000000d6700000, 0x00000000d6700000, 0x00000000d6800000|  0%| F|  |TAMS 0x00000000d6700000, 0x00000000d6700000| Untracked 
|  86|0x00000000d6800000, 0x00000000d6800000, 0x00000000d6900000|  0%| F|  |TAMS 0x00000000d6800000, 0x00000000d6800000| Untracked 
|  87|0x00000000d6900000, 0x00000000d6900000, 0x00000000d6a00000|  0%| F|  |TAMS 0x00000000d6900000, 0x00000000d6900000| Untracked 
|  88|0x00000000d6a00000, 0x00000000d6a00000, 0x00000000d6b00000|  0%| F|  |TAMS 0x00000000d6a00000, 0x00000000d6a00000| Untracked 
|  89|0x00000000d6b00000, 0x00000000d6b00000, 0x00000000d6c00000|  0%| F|  |TAMS 0x00000000d6b00000, 0x00000000d6b00000| Untracked 
|  90|0x00000000d6c00000, 0x00000000d6c00000, 0x00000000d6d00000|  0%| F|  |TAMS 0x00000000d6c00000, 0x00000000d6c00000| Untracked 
|  91|0x00000000d6d00000, 0x00000000d6d00000, 0x00000000d6e00000|  0%| F|  |TAMS 0x00000000d6d00000, 0x00000000d6d00000| Untracked 
|  92|0x00000000d6e00000, 0x00000000d6e00000, 0x00000000d6f00000|  0%| F|  |TAMS 0x00000000d6e00000, 0x00000000d6e00000| Untracked 
|  93|0x00000000d6f00000, 0x00000000d6f00000, 0x00000000d7000000|  0%| F|  |TAMS 0x00000000d6f00000, 0x00000000d6f00000| Untracked 
|  94|0x00000000d7000000, 0x00000000d7000000, 0x00000000d7100000|  0%| F|  |TAMS 0x00000000d7000000, 0x00000000d7000000| Untracked 
|  95|0x00000000d7100000, 0x00000000d7100000, 0x00000000d7200000|  0%| F|  |TAMS 0x00000000d7100000, 0x00000000d7100000| Untracked 
|  96|0x00000000d7200000, 0x00000000d7200000, 0x00000000d7300000|  0%| F|  |TAMS 0x00000000d7200000, 0x00000000d7200000| Untracked 
|  97|0x00000000d7300000, 0x00000000d7300000, 0x00000000d7400000|  0%| F|  |TAMS 0x00000000d7300000, 0x00000000d7300000| Untracked 
|  98|0x00000000d7400000, 0x00000000d7400000, 0x00000000d7500000|  0%| F|  |TAMS 0x00000000d7400000, 0x00000000d7400000| Untracked 
|  99|0x00000000d7500000, 0x00000000d7500000, 0x00000000d7600000|  0%| F|  |TAMS 0x00000000d7500000, 0x00000000d7500000| Untracked 
| 100|0x00000000d7600000, 0x00000000d7600000, 0x00000000d7700000|  0%| F|  |TAMS 0x00000000d7600000, 0x00000000d7600000| Untracked 
| 101|0x00000000d7700000, 0x00000000d7700000, 0x00000000d7800000|  0%| F|  |TAMS 0x00000000d7700000, 0x00000000d7700000| Untracked 
| 102|0x00000000d7800000, 0x00000000d7800000, 0x00000000d7900000|  0%| F|  |TAMS 0x00000000d7800000, 0x00000000d7800000| Untracked 
| 103|0x00000000d7900000, 0x00000000d7900000, 0x00000000d7a00000|  0%| F|  |TAMS 0x00000000d7900000, 0x00000000d7900000| Untracked 
| 104|0x00000000d7a00000, 0x00000000d7a00000, 0x00000000d7b00000|  0%| F|  |TAMS 0x00000000d7a00000, 0x00000000d7a00000| Untracked 
| 105|0x00000000d7b00000, 0x00000000d7b00000, 0x00000000d7c00000|  0%| F|  |TAMS 0x00000000d7b00000, 0x00000000d7b00000| Untracked 
| 106|0x00000000d7c00000, 0x00000000d7c00000, 0x00000000d7d00000|  0%| F|  |TAMS 0x00000000d7c00000, 0x00000000d7c00000| Untracked 
| 107|0x00000000d7d00000, 0x00000000d7d00000, 0x00000000d7e00000|  0%| F|  |TAMS 0x00000000d7d00000, 0x00000000d7d00000| Untracked 
| 108|0x00000000d7e00000, 0x00000000d7e00000, 0x00000000d7f00000|  0%| F|  |TAMS 0x00000000d7e00000, 0x00000000d7e00000| Untracked 
| 109|0x00000000d7f00000, 0x00000000d7f00000, 0x00000000d8000000|  0%| F|  |TAMS 0x00000000d7f00000, 0x00000000d7f00000| Untracked 
| 110|0x00000000d8000000, 0x00000000d8000000, 0x00000000d8100000|  0%| F|  |TAMS 0x00000000d8000000, 0x00000000d8000000| Untracked 
| 111|0x00000000d8100000, 0x00000000d8100000, 0x00000000d8200000|  0%| F|  |TAMS 0x00000000d8100000, 0x00000000d8100000| Untracked 
| 112|0x00000000d8200000, 0x00000000d8200000, 0x00000000d8300000|  0%| F|  |TAMS 0x00000000d8200000, 0x00000000d8200000| Untracked 
| 113|0x00000000d8300000, 0x00000000d8300000, 0x00000000d8400000|  0%| F|  |TAMS 0x00000000d8300000, 0x00000000d8300000| Untracked 
| 114|0x00000000d8400000, 0x00000000d8400000, 0x00000000d8500000|  0%| F|  |TAMS 0x00000000d8400000, 0x00000000d8400000| Untracked 
| 115|0x00000000d8500000, 0x00000000d8500000, 0x00000000d8600000|  0%| F|  |TAMS 0x00000000d8500000, 0x00000000d8500000| Untracked 
| 116|0x00000000d8600000, 0x00000000d8600000, 0x00000000d8700000|  0%| F|  |TAMS 0x00000000d8600000, 0x00000000d8600000| Untracked 
| 117|0x00000000d8700000, 0x00000000d8700000, 0x00000000d8800000|  0%| F|  |TAMS 0x00000000d8700000, 0x00000000d8700000| Untracked 
| 118|0x00000000d8800000, 0x00000000d8800000, 0x00000000d8900000|  0%| F|  |TAMS 0x00000000d8800000, 0x00000000d8800000| Untracked 
| 119|0x00000000d8900000, 0x00000000d8900000, 0x00000000d8a00000|  0%| F|  |TAMS 0x00000000d8900000, 0x00000000d8900000| Untracked 
| 120|0x00000000d8a00000, 0x00000000d8a00000, 0x00000000d8b00000|  0%| F|  |TAMS 0x00000000d8a00000, 0x00000000d8a00000| Untracked 
| 121|0x00000000d8b00000, 0x00000000d8b00000, 0x00000000d8c00000|  0%| F|  |TAMS 0x00000000d8b00000, 0x00000000d8b00000| Untracked 
| 122|0x00000000d8c00000, 0x00000000d8c00000, 0x00000000d8d00000|  0%| F|  |TAMS 0x00000000d8c00000, 0x00000000d8c00000| Untracked 
| 123|0x00000000d8d00000, 0x00000000d8dd19a8, 0x00000000d8e00000| 81%| E|  |TAMS 0x00000000d8d00000, 0x00000000d8d00000| Complete 
| 124|0x00000000d8e00000, 0x00000000d8f00000, 0x00000000d8f00000|100%| E|CS|TAMS 0x00000000d8e00000, 0x00000000d8e00000| Complete 
| 125|0x00000000d8f00000, 0x00000000d9000000, 0x00000000d9000000|100%| E|CS|TAMS 0x00000000d8f00000, 0x00000000d8f00000| Complete 
| 126|0x00000000d9000000, 0x00000000d9100000, 0x00000000d9100000|100%| E|CS|TAMS 0x00000000d9000000, 0x00000000d9000000| Complete 
| 127|0x00000000d9100000, 0x00000000d9200000, 0x00000000d9200000|100%| E|CS|TAMS 0x00000000d9100000, 0x00000000d9100000| Complete 

Card table byte_map: [0x000001e6deba0000,0x000001e6ded20000] _byte_map_base: 0x000001e6de517000

Marking Bits (Prev, Next): (CMBitMap*) 0x000001e6cb89c2a0, (CMBitMap*) 0x000001e6cb89c268
 Prev Bits: [0x000001e6dfa60000, 0x000001e6e0618000)
 Next Bits: [0x000001e6deea0000, 0x000001e6dfa58000)

Polling page: 0x000001e6c9820000

Metaspace:

Usage:
  Non-class:     19.79 MB capacity,    19.38 MB ( 98%) used,   355.30 KB (  2%) free+waste,    68.31 KB ( <1%) overhead. 
      Class:      2.47 MB capacity,     2.23 MB ( 90%) used,   209.27 KB (  8%) free+waste,    32.50 KB (  1%) overhead. 
       Both:     22.26 MB capacity,    21.61 MB ( 97%) used,   564.58 KB (  2%) free+waste,   100.81 KB ( <1%) overhead. 

Virtual space:
  Non-class space:       20.00 MB reserved,      19.92 MB (>99%) committed 
      Class space:        1.00 GB reserved,       2.50 MB ( <1%) committed 
             Both:        1.02 GB reserved,      22.42 MB (  2%) committed 

Chunk freelists:
   Non-Class:  19.00 KB
       Class:  3.00 KB
        Both:  22.00 KB

MaxMetaspaceSize: 17179869184.00 GB
CompressedClassSpaceSize: 1.00 GB
Initial GC threshold: 20.80 MB
Current GC threshold: 37.37 MB
CDS: off

CodeHeap 'non-profiled nmethods': size=120000Kb used=1201Kb max_used=1201Kb free=118798Kb
 bounds [0x000001e6d6fa0000, 0x000001e6d7210000, 0x000001e6de4d0000]
CodeHeap 'profiled nmethods': size=120000Kb used=5269Kb max_used=5269Kb free=114730Kb
 bounds [0x000001e6cfa70000, 0x000001e6cffa0000, 0x000001e6d6fa0000]
CodeHeap 'non-nmethods': size=5760Kb used=1236Kb max_used=1292Kb free=4523Kb
 bounds [0x000001e6cf4d0000, 0x000001e6cf740000, 0x000001e6cfa70000]
 total_blobs=3068 nmethods=2548 adapters=433
 compilation: enabled
              stopped_count=0, restarted_count=0
 full_count=0

Compilation events (20 events):
Event: 4880.793 Thread 0x000001e6e329f800 nmethod 2539 0x000001e6cff93210 code [0x000001e6cff93420, 0x000001e6cff93bb8]
Event: 4880.793 Thread 0x000001e6e329f800 2540       3       java.util.Hashtable::addEntry (87 bytes)
Event: 4880.794 Thread 0x000001e6e329f800 nmethod 2540 0x000001e6cff93e10 code [0x000001e6cff94020, 0x000001e6cff94738]
Event: 5122.793 Thread 0x000001e6e329f800 2541       3       com.intellij.execution.rmi.IdeaWatchdogImpl::isAlive (28 bytes)
Event: 5122.796 Thread 0x000001e6e329f800 nmethod 2541 0x000001e6cff94990 code [0x000001e6cff94b40, 0x000001e6cff94d18]
Event: 5165.142 Thread 0x000001e6e329e800 2542       4       java.rmi.server.UID::equals (54 bytes)
Event: 5165.159 Thread 0x000001e6e329e800 nmethod 2542 0x000001e6d70cae10 code [0x000001e6d70cafa0, 0x000001e6d70cb0b8]
Event: 5171.873 Thread 0x000001e6e329e800 2543       4       java.util.HashMap::afterNodeRemoval (1 bytes)
Event: 5171.873 Thread 0x000001e6e329e800 nmethod 2543 0x000001e6d70cb210 code [0x000001e6d70cb3a0, 0x000001e6d70cb3f8]
Event: 5180.816 Thread 0x000001e6e329e800 2544       4       java.io.ObjectInputStream$BlockDataInputStream::readByte (20 bytes)
Event: 5180.828 Thread 0x000001e6e329e800 nmethod 2544 0x000001e6d70cb510 code [0x000001e6d70cb6c0, 0x000001e6d70cb878]
Event: 5322.382 Thread 0x000001e6e329e800 2545       4       jdk.internal.loader.URLClassPath$JarLoader::findResource (18 bytes)
Event: 5322.389 Thread 0x000001e6e329e800 nmethod 2545 0x000001e6d70cba90 code [0x000001e6d70cbc40, 0x000001e6d70cbce8]
Event: 5443.805 Thread 0x000001e6e329e800 2546       4       java.rmi.server.ObjID::equals (46 bytes)
Event: 5443.808 Thread 0x000001e6e329e800 nmethod 2546 0x000001e6d70cbe10 code [0x000001e6d70cbfc0, 0x000001e6d70cc118]
Event: 5714.075 Thread 0x000001e6e329e800 2547       4       java.io.FilterInputStream::read (8 bytes)
Event: 5714.105 Thread 0x000001e6e329e800 nmethod 2547 0x000001e6d70cc290 code [0x000001e6d70cc440, 0x000001e6d70cc4e8]
Event: 5958.886 Thread 0x000001e6e329f800 2548       3       java.io.ObjectInputStream::readNull (27 bytes)
Event: 5958.896 Thread 0x000001e6e329f800 nmethod 2548 0x000001e6cff94d90 code [0x000001e6cff94f80, 0x000001e6cff952e8]
Event: 5968.175 Thread 0x000001e6e329e800 2549       4       java.io.ObjectOutputStream::writeClassDesc (60 bytes)

GC Heap History (6 events):
Event: 3.883 GC heap before
{Heap before GC invocations=0 (full 0):
 garbage-first heap   total 131072K, used 23552K [0x00000000d1200000, 0x0000000100000000)
  region size 1024K, 24 young (24576K), 0 survivors (0K)
 Metaspace       used 15731K, capacity 16236K, committed 16512K, reserved 1064960K
  class space    used 1656K, capacity 1881K, committed 1920K, reserved 1048576K
}
Event: 3.887 GC heap after
{Heap after GC invocations=1 (full 0):
 garbage-first heap   total 131072K, used 5644K [0x00000000d1200000, 0x0000000100000000)
  region size 1024K, 3 young (3072K), 3 survivors (3072K)
 Metaspace       used 15731K, capacity 16236K, committed 16512K, reserved 1064960K
  class space    used 1656K, capacity 1881K, committed 1920K, reserved 1048576K
}
Event: 4.408 GC heap before
{Heap before GC invocations=1 (full 0):
 garbage-first heap   total 131072K, used 13836K [0x00000000d1200000, 0x0000000100000000)
  region size 1024K, 12 young (12288K), 3 survivors (3072K)
 Metaspace       used 20615K, capacity 21190K, committed 21296K, reserved 1069056K
  class space    used 2176K, capacity 2417K, committed 2432K, reserved 1048576K
}
Event: 4.413 GC heap after
{Heap after GC invocations=2 (full 0):
 garbage-first heap   total 131072K, used 6897K [0x00000000d1200000, 0x0000000100000000)
  region size 1024K, 2 young (2048K), 2 survivors (2048K)
 Metaspace       used 20615K, capacity 21190K, committed 21296K, reserved 1069056K
  class space    used 2176K, capacity 2417K, committed 2432K, reserved 1048576K
}
Event: 3604.421 GC heap before
{Heap before GC invocations=3 (full 0):
 garbage-first heap   total 131072K, used 28401K [0x00000000d1200000, 0x0000000100000000)
  region size 1024K, 24 young (24576K), 2 survivors (2048K)
 Metaspace       used 22132K, capacity 22805K, committed 22960K, reserved 1069056K
  class space    used 2286K, capacity 2530K, committed 2560K, reserved 1048576K
}
Event: 3604.542 GC heap after
{Heap after GC invocations=4 (full 1):
 garbage-first heap   total 131072K, used 6862K [0x00000000d1200000, 0x0000000100000000)
  region size 1024K, 0 young (0K), 0 survivors (0K)
 Metaspace       used 22127K, capacity 22796K, committed 22960K, reserved 1069056K
  class space    used 2285K, capacity 2527K, committed 2560K, reserved 1048576K
}

Deoptimization events (20 events):
Event: 4.644 Thread 0x000001e6e464f000 Uncommon trap: trap_request=0xffffffbe fr.pc=0x000001e6d7062860 relative=0x0000000000000500
Event: 4.644 Thread 0x000001e6e464f000 Uncommon trap: reason=profile_predicate action=maybe_recompile pc=0x000001e6d7062860 method=java.lang.PublicMethods$MethodList.filter([Ljava/lang/reflect/Method;Ljava/lang/String;[Ljava/lang/Class;Z)Ljava/lang/PublicMethods$MethodList; @ 21 c2
Event: 4.644 Thread 0x000001e6e464f000 DEOPT PACKING pc=0x000001e6d7062860 sp=0x000000acfbcf8a10
Event: 4.644 Thread 0x000001e6e464f000 DEOPT UNPACKING pc=0x000001e6cf51a1af sp=0x000000acfbcf89a8 mode 2
Event: 4.652 Thread 0x000001e6e464f000 DEOPT PACKING pc=0x000001e6cfcfab0e sp=0x000000acfbcf9dc0
Event: 4.652 Thread 0x000001e6e464f000 DEOPT UNPACKING pc=0x000001e6cf51a95e sp=0x000000acfbcf91f0 mode 0
Event: 5.004 Thread 0x000001e6e464f000 DEOPT PACKING pc=0x000001e6cfd06660 sp=0x000000acfbcfa360
Event: 5.004 Thread 0x000001e6e464f000 DEOPT UNPACKING pc=0x000001e6cf51a95e sp=0x000000acfbcf97f8 mode 0
Event: 5.098 Thread 0x000001e6e464f000 DEOPT PACKING pc=0x000001e6cfd7b6c2 sp=0x000000acfbcfa740
Event: 5.098 Thread 0x000001e6e464f000 DEOPT UNPACKING pc=0x000001e6cf51a95e sp=0x000000acfbcf9b98 mode 0
Event: 5.351 Thread 0x000001e6e3d16800 Uncommon trap: trap_request=0xffffff4d fr.pc=0x000001e6d700fc88 relative=0x00000000000008a8
Event: 5.351 Thread 0x000001e6e3d16800 Uncommon trap: reason=unstable_if action=reinterpret pc=0x000001e6d700fc88 method=java.util.zip.ZipFile$Source.getEntryPos([BZ)I @ 145 c2
Event: 5.351 Thread 0x000001e6e3d16800 DEOPT PACKING pc=0x000001e6d700fc88 sp=0x000000acfb4fe800
Event: 5.351 Thread 0x000001e6e3d16800 DEOPT UNPACKING pc=0x000001e6cf51a1af sp=0x000000acfb4fe7a8 mode 2
Event: 30.808 Thread 0x000001e6e4eb5000 Uncommon trap: trap_request=0xffffff4d fr.pc=0x000001e6d705063c relative=0x00000000000000fc
Event: 30.809 Thread 0x000001e6e4eb5000 Uncommon trap: reason=unstable_if action=reinterpret pc=0x000001e6d705063c method=java.io.BufferedInputStream.read()I @ 23 c2
Event: 30.809 Thread 0x000001e6e4eb5000 DEOPT PACKING pc=0x000001e6d705063c sp=0x000000acfc1fd790
Event: 30.809 Thread 0x000001e6e4eb5000 DEOPT UNPACKING pc=0x000001e6cf51a1af sp=0x000000acfc1fd740 mode 2
Event: 3339.450 Thread 0x000001e6e464f000 DEOPT PACKING pc=0x000001e6cfe3ef32 sp=0x000000acfbcfb640
Event: 3339.453 Thread 0x000001e6e464f000 DEOPT UNPACKING pc=0x000001e6cf51a95e sp=0x000000acfbcfaa58 mode 0

Classes redefined (0 events):
No events

Internal exceptions (20 events):
Event: 0.749 Thread 0x000001e6cb870800 Exception <a 'java/lang/NoSuchMethodError'{0x00000000d87c9030}: 'java.lang.Object java.lang.invoke.Invokers$Holder.linkToTargetMethod(java.lang.Object, long, java.lang.Object)'> (0x00000000d87c9030) thrown at [src/hotspot/share/interpreter/linkResolver.cpp, line 773]
Event: 0.760 Thread 0x000001e6e44e0000 Exception <a 'java/lang/NoSuchMethodError'{0x00000000d8649440}: 'java.lang.Object java.lang.invoke.DelegatingMethodHandle$Holder.reinvoke_L(java.lang.Object, int, java.lang.Object)'> (0x00000000d8649440) thrown at [src/hotspot/share/interpreter/linkResolver.cpp, line 773]
Event: 0.794 Thread 0x000001e6e464f000 Exception <a 'java/lang/NoSuchMethodError'{0x00000000d85275c8}: <clinit>> (0x00000000d85275c8) thrown at [src/hotspot/share/prims/jni.cpp, line 1366]
Event: 3.583 Thread 0x000001e6e464f000 Exception <a 'java/lang/NoSuchMethodError'{0x00000000d835ed98}: 'int java.lang.invoke.DirectMethodHandle$Holder.invokeSpecialIFC(java.lang.Object, java.lang.Object, int)'> (0x00000000d835ed98) thrown at [src/hotspot/share/interpreter/linkResolver.cpp, line 773]
Event: 3.619 Thread 0x000001e6e464f000 Exception <a 'java/lang/NoSuchMethodError'{0x00000000d8268218}: 'java.lang.Object java.lang.invoke.DirectMethodHandle$Holder.invokeVirtual(java.lang.Object, java.lang.Object, java.lang.Object)'> (0x00000000d8268218) thrown at [src/hotspot/share/interpreter/linkResolver.cpp, line 773]
Event: 3.704 Thread 0x000001e6e464f000 Exception <a 'java/lang/NoSuchMethodError'{0x00000000d7ed0bc8}: 'void java.lang.invoke.DirectMethodHandle$Holder.invokeStaticInit(java.lang.Object, java.lang.Object)'> (0x00000000d7ed0bc8) thrown at [src/hotspot/share/interpreter/linkResolver.cpp, line 773]
Event: 3.844 Thread 0x000001e6e464f000 Exception <a 'sun/nio/fs/WindowsException'{0x00000000d7a69078}> (0x00000000d7a69078) thrown at [src/hotspot/share/prims/jni.cpp, line 616]
Event: 3.872 Thread 0x000001e6e464f000 Exception <a 'java/lang/NoSuchMethodError'{0x00000000d7a8c0e0}: 'int java.lang.invoke.DirectMethodHandle$Holder.invokeStaticInit(java.lang.Object, java.lang.Object, java.lang.Object, java.lang.Object)'> (0x00000000d7a8c0e0) thrown at [src/hotspot/share/interpreter/linkResolver.cpp, line 773]
Event: 3.872 Thread 0x000001e6e464f000 Exception <a 'java/lang/IncompatibleClassChangeError'{0x00000000d7a95310}: Found class java.lang.Object, but interface was expected> (0x00000000d7a95310) thrown at [src/hotspot/share/interpreter/linkResolver.cpp, line 839]
Event: 3.873 Thread 0x000001e6e464f000 Exception <a 'java/lang/NoSuchMethodError'{0x00000000d7a9a8b0}: 'int java.lang.invoke.DirectMethodHandle$Holder.invokeStaticInit(java.lang.Object, java.lang.Object)'> (0x00000000d7a9a8b0) thrown at [src/hotspot/share/interpreter/linkResolver.cpp, line 773]
Event: 4.425 Thread 0x000001e6e464f000 Implicit null exception at 0x000001e6d6fde677 to 0x000001e6d6fdeb84
Event: 4.425 Thread 0x000001e6e464f000 Implicit null exception at 0x000001e6d6fdfd74 to 0x000001e6d6fe0254
Event: 4.585 Thread 0x000001e6e464f000 Exception <a 'java/lang/NoSuchMethodError'{0x00000000d8e04648}: <clinit>> (0x00000000d8e04648) thrown at [src/hotspot/share/prims/jni.cpp, line 1366]
Event: 4.585 Thread 0x000001e6e464f000 Exception <a 'java/lang/NoSuchMethodError'{0x00000000d8e110c0}: <clinit>> (0x00000000d8e110c0) thrown at [src/hotspot/share/prims/jni.cpp, line 1366]
Event: 4.642 Thread 0x000001e6e464f000 Exception <a 'java/lang/NoSuchMethodError'{0x00000000d8d2dd90}: <clinit>> (0x00000000d8d2dd90) thrown at [src/hotspot/share/prims/jni.cpp, line 1366]
Event: 4.643 Thread 0x000001e6e464f000 Exception <a 'java/lang/NoSuchMethodError'{0x00000000d8d38ec0}: <clinit>> (0x00000000d8d38ec0) thrown at [src/hotspot/share/prims/jni.cpp, line 1366]
Event: 4.643 Thread 0x000001e6e464f000 Exception <a 'java/lang/NoSuchMethodError'{0x00000000d8d43d08}: <clinit>> (0x00000000d8d43d08) thrown at [src/hotspot/share/prims/jni.cpp, line 1366]
Event: 4.692 Thread 0x000001e6e464f000 Exception <a 'java/lang/NoSuchMethodError'{0x00000000d8c089d0}: <clinit>> (0x00000000d8c089d0) thrown at [src/hotspot/share/prims/jni.cpp, line 1366]
Event: 4.809 Thread 0x000001e6e464f000 Exception <a 'java/lang/NoSuchMethodError'{0x00000000d8cab428}: <clinit>> (0x00000000d8cab428) thrown at [src/hotspot/share/prims/jni.cpp, line 1366]
Event: 5.130 Thread 0x000001e6e464f000 Exception <a 'java/net/SocketException'{0x00000000d8242ce0}: Software caused connection abort: socket write error> (0x00000000d8242ce0) thrown at [src/hotspot/share/prims/jni.cpp, line 637]

Events (20 events):
Event: 5.130 loading class sun/security/ssl/Alert done
Event: 5.130 loading class sun/security/ssl/Alert$AlertConsumer
Event: 5.130 loading class sun/security/ssl/Alert$AlertConsumer done
Event: 5.130 loading class sun/security/ssl/Alert$Level
Event: 5.130 loading class sun/security/ssl/Alert$Level done
Event: 5.131 loading class javax/crypto/AEADBadTagException
Event: 5.131 loading class javax/crypto/AEADBadTagException done
Event: 7.094 Thread 0x000001e6e4049800 Thread exited: 0x000001e6e4049800
Event: 7.094 Thread 0x000001e6e4eb6000 Thread added: 0x000001e6e4eb6000
Event: 7.094 Executing VM operation: RevokeBias
Event: 7.094 Executing VM operation: RevokeBias done
Event: 7.094 Thread 0x000001e6e4eb6000 Thread exited: 0x000001e6e4eb6000
Event: 30.808 Executing VM operation: RevokeBias
Event: 30.809 Executing VM operation: RevokeBias done
Event: 30.809 loading class sun/net/ResourceManager
Event: 30.810 loading class sun/net/ResourceManager done
Event: 90.820 Thread 0x000001e6e4eb5000 Thread exited: 0x000001e6e4eb5000
Event: 180.613 Loaded shared library D:\IntelliJ IDEA 2022.1.1\jbr\bin\java.dll
Event: 3604.418 Executing VM operation: G1CollectFull
Event: 3604.542 Executing VM operation: G1CollectFull done


Dynamic libraries:
0x00007ff726910000 - 0x00007ff72691a000 	D:\IntelliJ IDEA 2022.1.1\jbr\bin\java.exe
0x00007ffe244b0000 - 0x00007ffe246a5000 	C:\Windows\SYSTEM32\ntdll.dll
0x00007ffe23d70000 - 0x00007ffe23e2d000 	C:\Windows\System32\KERNEL32.DLL
0x00007ffe21d90000 - 0x00007ffe22057000 	C:\Windows\System32\KERNELBASE.dll
0x00007ffe22110000 - 0x00007ffe22210000 	C:\Windows\System32\ucrtbase.dll
0x00007ffe08620000 - 0x00007ffe08639000 	D:\IntelliJ IDEA 2022.1.1\jbr\bin\jli.dll
0x00007ffe17fc0000 - 0x00007ffe17fd6000 	D:\IntelliJ IDEA 2022.1.1\jbr\bin\VCRUNTIME140.dll
0x00007ffe23390000 - 0x00007ffe23530000 	C:\Windows\System32\USER32.dll
0x00007ffe21d10000 - 0x00007ffe21d32000 	C:\Windows\System32\win32u.dll
0x00007ffe00090000 - 0x00007ffe0032b000 	C:\Windows\WinSxS\amd64_microsoft.windows.common-controls_6595b64144ccf1df_6.0.19041.488_none_ca04af081b815d21\COMCTL32.dll
0x00007ffe22950000 - 0x00007ffe2297a000 	C:\Windows\System32\GDI32.dll
0x00007ffe23200000 - 0x00007ffe2329e000 	C:\Windows\System32\msvcrt.dll
0x00007ffe22400000 - 0x00007ffe22509000 	C:\Windows\System32\gdi32full.dll
0x00007ffe21bf0000 - 0x00007ffe21c8d000 	C:\Windows\System32\msvcp_win.dll
0x00007ffe22510000 - 0x00007ffe22540000 	C:\Windows\System32\IMM32.DLL
0x00007ffe01380000 - 0x00007ffe0142a000 	D:\IntelliJ IDEA 2022.1.1\jbr\bin\msvcp140.dll
0x00007ffdce810000 - 0x00007ffdcf38a000 	D:\IntelliJ IDEA 2022.1.1\jbr\bin\server\jvm.dll
0x00007ffe23f00000 - 0x00007ffe23faa000 	C:\Windows\System32\ADVAPI32.dll
0x00007ffe24080000 - 0x00007ffe2411b000 	C:\Windows\System32\sechost.dll
0x00007ffe23c30000 - 0x00007ffe23d54000 	C:\Windows\System32\RPCRT4.dll
0x00007ffe23530000 - 0x00007ffe23538000 	C:\Windows\System32\PSAPI.DLL
0x00007ffe1a760000 - 0x00007ffe1a769000 	C:\Windows\SYSTEM32\WSOCK32.dll
0x00007ffe24010000 - 0x00007ffe2407b000 	C:\Windows\System32\WS2_32.dll
0x00007ffe009c0000 - 0x00007ffe009e7000 	C:\Windows\SYSTEM32\WINMM.dll
0x00007ffe17350000 - 0x00007ffe1735a000 	C:\Windows\SYSTEM32\VERSION.dll
0x00007ffe204e0000 - 0x00007ffe204f3000 	C:\Windows\SYSTEM32\kernel.appcore.dll
0x00007ffe18230000 - 0x00007ffe18241000 	D:\IntelliJ IDEA 2022.1.1\jbr\bin\verify.dll
0x00007ffe201e0000 - 0x00007ffe203c4000 	C:\Windows\SYSTEM32\DBGHELP.DLL
0x00007ffe0d190000 - 0x00007ffe0d1bc000 	C:\Windows\SYSTEM32\dbgcore.DLL
0x00007ffe21c90000 - 0x00007ffe21d0f000 	C:\Windows\System32\bcryptPrimitives.dll
0x00007ffe08290000 - 0x00007ffe082b9000 	D:\IntelliJ IDEA 2022.1.1\jbr\bin\java.dll
0x00007ffe1a780000 - 0x00007ffe1a78b000 	D:\IntelliJ IDEA 2022.1.1\jbr\bin\jimage.dll
0x00007ffe081e0000 - 0x00007ffe081f9000 	D:\IntelliJ IDEA 2022.1.1\jbr\bin\zip.dll
0x00007ffe22980000 - 0x00007ffe230c1000 	C:\Windows\System32\SHELL32.dll
0x00007ffe1f980000 - 0x00007ffe20113000 	C:\Windows\SYSTEM32\windows.storage.dll
0x00007ffe225f0000 - 0x00007ffe22945000 	C:\Windows\System32\combase.dll
0x00007ffe21660000 - 0x00007ffe2168c000 	C:\Windows\SYSTEM32\Wldp.dll
0x00007ffe22540000 - 0x00007ffe225ee000 	C:\Windows\System32\SHCORE.dll
0x00007ffe23fb0000 - 0x00007ffe24005000 	C:\Windows\System32\shlwapi.dll
0x00007ffe21b20000 - 0x00007ffe21b46000 	C:\Windows\SYSTEM32\profapi.dll
0x00007ffe07ab0000 - 0x00007ffe07aca000 	D:\IntelliJ IDEA 2022.1.1\jbr\bin\net.dll
0x00007ffe19400000 - 0x00007ffe19500000 	C:\Windows\SYSTEM32\WINHTTP.dll
0x00007ffe213e0000 - 0x00007ffe2144a000 	C:\Windows\system32\mswsock.dll
0x00007ffe07a90000 - 0x00007ffe07aa4000 	D:\IntelliJ IDEA 2022.1.1\jbr\bin\nio.dll
0x00007ffe215b0000 - 0x00007ffe215c8000 	C:\Windows\SYSTEM32\CRYPTSP.dll
0x00007ffe20d00000 - 0x00007ffe20d34000 	C:\Windows\system32\rsaenh.dll
0x00007ffe22270000 - 0x00007ffe22297000 	C:\Windows\System32\bcrypt.dll
0x00007ffe21ae0000 - 0x00007ffe21b0e000 	C:\Windows\SYSTEM32\USERENV.dll
0x00007ffe215d0000 - 0x00007ffe215dc000 	C:\Windows\SYSTEM32\CRYPTBASE.dll
0x00007ffe21080000 - 0x00007ffe210bb000 	C:\Windows\SYSTEM32\IPHLPAPI.DLL
0x00007ffe232a0000 - 0x00007ffe232a9000 	C:\Windows\System32\NSI.dll
0x00007ffe17420000 - 0x00007ffe17437000 	C:\Windows\SYSTEM32\dhcpcsvc6.DLL
0x00007ffe173a0000 - 0x00007ffe173bd000 	C:\Windows\SYSTEM32\dhcpcsvc.DLL
0x00007ffe210c0000 - 0x00007ffe2118b000 	C:\Windows\SYSTEM32\DNSAPI.dll
0x00007ffe043b0000 - 0x00007ffe043b8000 	D:\IntelliJ IDEA 2022.1.1\jbr\bin\rmi.dll
0x00007ffe13dc0000 - 0x00007ffe13dd7000 	C:\Windows\system32\wlidnsp.dll
0x00007ffe16f10000 - 0x00007ffe16f1a000 	C:\Windows\System32\rasadhlp.dll
0x00007ffe13ae0000 - 0x00007ffe13b5f000 	C:\Windows\System32\fwpuclnt.dll
0x00007ffe08400000 - 0x00007ffe0840f000 	D:\IntelliJ IDEA 2022.1.1\jbr\bin\sunmscapi.dll
0x00007ffe222a0000 - 0x00007ffe223fd000 	C:\Windows\System32\CRYPT32.dll
0x00007ffe216d0000 - 0x00007ffe216f7000 	C:\Windows\SYSTEM32\ncrypt.dll
0x00007ffe21690000 - 0x00007ffe216cb000 	C:\Windows\SYSTEM32\NTASN1.dll
0x00007ffe07a60000 - 0x00007ffe07a88000 	D:\IntelliJ IDEA 2022.1.1\jbr\bin\sunec.dll

dbghelp: loaded successfully - version: 4.0.5 - missing functions: none
symbol engine: initialized successfully - sym options: 0x614 - pdb path: .;D:\IntelliJ IDEA 2022.1.1\jbr\bin;C:\Windows\SYSTEM32;C:\Windows\WinSxS\amd64_microsoft.windows.common-controls_6595b64144ccf1df_6.0.19041.488_none_ca04af081b815d21;D:\IntelliJ IDEA 2022.1.1\jbr\bin\server

VM Arguments:
jvm_args: -Djava.rmi.server.hostname=127.0.0.1 -Duser.timezone=UTC -Xmx750m -Xms128m -Dfile.encoding=UTF-8 
java_command: com.intellij.database.remote.RemoteJdbcServer com.mysql.cj.jdbc.Driver
java_class_path (initial): D:\IntelliJ IDEA 2022.1.1\lib\util_rt.jar;D:\IntelliJ IDEA 2022.1.1\lib\util.jar;D:\IntelliJ IDEA 2022.1.1\lib\groovy.jar;D:\IntelliJ IDEA 2022.1.1\plugins\DatabaseTools\lib\jdbc-console.jar;C:\Users\Administrator\AppData\Roaming\JetBrains\IntelliJIdea2022.1\jdbc-drivers\MySQL ConnectorJ\8.0.25\mysql-connector-java-8.0.25.jar
Launcher Type: SUN_STANDARD

[Global flags]
     intx CICompilerCount                          = 4                                         {product} {ergonomic}
     uint ConcGCThreads                            = 3                                         {product} {ergonomic}
     uint G1ConcRefinementThreads                  = 10                                        {product} {ergonomic}
   size_t G1HeapRegionSize                         = 1048576                                   {product} {ergonomic}
    uintx GCDrainStackTargetSize                   = 64                                        {product} {ergonomic}
   size_t InitialHeapSize                          = 134217728                                 {product} {command line}
   size_t MarkStackSize                            = 4194304                                   {product} {ergonomic}
   size_t MaxHeapSize                              = 786432000                                 {product} {command line}
   size_t MaxNewSize                               = 471859200                                 {product} {ergonomic}
   size_t MinHeapDeltaBytes                        = 1048576                                   {product} {ergonomic}
    uintx NonNMethodCodeHeapSize                   = 5836300                                {pd product} {ergonomic}
    uintx NonProfiledCodeHeapSize                  = 122910970                              {pd product} {ergonomic}
    uintx ProfiledCodeHeapSize                     = 122910970                              {pd product} {ergonomic}
    uintx ReservedCodeCacheSize                    = 251658240                              {pd product} {ergonomic}
     bool SegmentedCodeCache                       = true                                      {product} {ergonomic}
     bool UseCompressedClassPointers               = true                                 {lp64_product} {ergonomic}
     bool UseCompressedOops                        = true                                 {lp64_product} {ergonomic}
     bool UseG1GC                                  = true                                      {product} {ergonomic}
     bool UseLargePagesIndividualAllocation        = false                                  {pd product} {ergonomic}

Logging:
Log output configuration:
 #0: stdout all=warning uptime,level,tags
 #1: stderr all=off uptime,level,tags

Environment Variables:
JAVA_HOME=C:\Program Files\Java\jdk1.8.0_181
CLASSPATH=.;C:\Program Files\Java\jdk1.8.0_181\lib\dt.jar;C:\Program Files\Java\jdk1.8.0_181\lib\tools.jar; 
PATH=C:\Program Files\Microsoft MPI\Bin\;C:\Program Files (x86)\VMware\VMware Workstation\bin\;C:\Program Files\Common Files\Oracle\Java\javapath;C:\Windows\system32;C:\Windows;C:\Windows\System32\Wbem;C:\Windows\System32\WindowsPowerShell\v1.0\;C:\Windows\System32\OpenSSH\;C:\Program Files (x86)\NVIDIA Corporation\PhysX\Common;C:\Program Files\NVIDIA Corporation\NVIDIA NvDLISR;C:\Program Files\dotnet\;C:\Program Files\Microsoft SQL Server\130\Tools\Binn\;C:\Program Files\Azure Data Studio\bin;C:\Program Files (x86)\Microsoft SQL Server\150\Tools\Binn\;C:\Program Files\Microsoft SQL Server\150\Tools\Binn\;C:\Program Files\Microsoft SQL Server\150\DTS\Binn\;C:\Program Files\Microsoft SQL Server\Client SDK\ODBC\130\Tools\Binn\;C:\Program Files\Microsoft SQL Server\Client SDK\ODBC\170\Tools\Binn\;C:\Strawberry\c\bin;C:\Strawberry\perl\site\bin;C:\Strawberry\perl\bin;C:\Program Files\nodejs\;C:\ProgramData\chocolatey\bin;C:\Program Files (x86)\Pandoc\;E:\Git\Git\cmd;E:\Cmder\cmder;F:\XFTP\;F:\XShell\;F:\apache-maven-3.6.3\bin;C:\Program Files\Java\jdk1.8.0_181\bin;C:\Program Files\Java\jdk1.8.0_181\jre\bin;C:\Program Files (x86)\Microsoft SQL Server\160\Tools\Binn\;C:\Program Files\Microsoft SQL Server\160\Tools\Binn\;C:\Program Files\Microsoft SQL Server\160\DTS\Binn\;C:\Program Files (x86)\Microsoft SQL Server\130\Tools\Binn\;C:\Program Files\Microsoft SQL Server\130\DTS\Binn\;E:\Python\Scripts\;E:\Python\;D:\mysql\mysql80\bin;C:\Windows;C:\Windows\system32;C:\Windows\system32\wbem;C:\Windows\system32;C:\Windows;C:\Windows\System32\Wbem;C:\Windows\System32\WindowsPowerShell\v1.0\;C:\Windows\System32\OpenSSH\;C:\Program Files (x86)\NVIDIA Corporation\PhysX\Common;C:\Program Files\NVIDIA Corporation\NVIDIA NvDLISR;C:\Program Files\dotnet\;C:\Program Files\Microsoft SQL Server\130\Tools\Binn\;C:\Users\Administrator\AppData\Local\Microsoft\WindowsApps;C:\Users\Administrator\.dotnet\tools;E:\Pycharm\PyCharm Community Edition 2022.2.2\bin;;C:\Program Files\Azure Data Studio\bi
USERNAME=Administrator
OS=Windows_NT
PROCESSOR_IDENTIFIER=Intel64 Family 6 Model 158 Stepping 10, GenuineIntel



---------------  S Y S T E M  ---------------

OS: Windows 10 , 64 bit Build 19041 (10.0.19041.292)
OS uptime: 0 days 11:50 hours

CPU:total 12 (initial active 12) (6 cores per cpu, 2 threads per core) family 6 model 158 stepping 10 microcode 0xde, cmov, cx8, fxsr, mmx, sse, sse2, sse3, ssse3, sse4.1, sse4.2, popcnt, avx, avx2, aes, clmul, erms, 3dnowpref, lzcnt, ht, tsc, tscinvbit, bmi1, bmi2, adx, fma

Memory: 4k page, system-wide physical 8035M (95M free)
TotalPageFile size 21785M (AvailPageFile size 1M)
current process WorkingSet (physical memory assigned to process): 33M, peak: 113M
current process commit charge ("private bytes"): 255M, peak: 277M

vm_info: OpenJDK 64-Bit Server VM (11.0.14.1+1-b2043.45) for windows-amd64 JRE (11.0.14.1+1-b2043.45), built on Apr 25 2022 05:49:45 by "" with MS VC++ 14.0 (VS2015)

END.
