#
# There is insufficient memory for the Java Runtime Environment to continue.
# Native memory allocation (mmap) failed to map 132120576 bytes for G1 virtual space
# Possible reasons:
#   The system is out of physical RAM or swap space
#   The process is running with CompressedOops enabled, and the Java Heap may be blocking the growth of the native heap
# Possible solutions:
#   Reduce memory load on the system
#   Increase physical memory or swap space
#   Check if swap backing store is full
#   Decrease Java heap size (-Xmx/-Xms)
#   Decrease number of Java threads
#   Decrease Java thread stack sizes (-Xss)
#   Set larger code cache with -XX:ReservedCodeCacheSize=
#   JVM is running with Unscaled Compressed Oops mode in which the Java heap is
#     placed in the first 4GB address space. The Java Heap base address is the
#     maximum limit for the native heap growth. Please use -XX:HeapBaseMinAddress
#     to set the Java Heap base and to place the Java Heap above 4GB virtual address.
# This output file may be truncated or incomplete.
#
#  Out of Memory Error (os_windows.cpp:3613), pid=16844, tid=22560
#
# JRE version:  (17.0.10+7) (build )
# Java VM: OpenJDK 64-Bit Server VM (17.0.10+7-LTS, mixed mode, emulated-client, sharing, tiered, compressed oops, compressed class ptrs, g1 gc, windows-amd64)
# No core dump will be written. Minidumps are not enabled by default on client versions of Windows
#

---------------  S U M M A R Y ------------

Command Line: -XX:TieredStopAtLevel=1 -Xverify:none -Dspring.output.ansi.enabled=always -Dcom.sun.management.jmxremote -Dspring.jmx.enabled=true -Dspring.liveBeansView.mbeanDomain -Dspring.application.admin.enabled=true -javaagent:D:\IntelliJ IDEA 2022.1.1\lib\idea_rt.jar=63740:D:\IntelliJ IDEA 2022.1.1\bin -Dfile.encoding=UTF-8 com.sky.SkyApplication

Host: Intel(R) Core(TM) i7-9750H CPU @ 2.60GHz, 12 cores, 7G,  Windows 10 , 64 bit Build 19041 (10.0.19041.292)
Time: Tue Apr 23 18:44:58 2024  Windows 10 , 64 bit Build 19041 (10.0.19041.292) elapsed time: 0.017244 seconds (0d 0h 0m 0s)

---------------  T H R E A D  ---------------

Current thread (0x000002ba475c7eb0):  JavaThread "Unknown thread" [_thread_in_vm, id=22560, stack(0x000000c7cb900000,0x000000c7cba00000)]

Stack: [0x000000c7cb900000,0x000000c7cba00000]
Native frames: (J=compiled Java code, j=interpreted, Vv=VM code, C=native code)
V  [jvm.dll+0x67d2c9]
V  [jvm.dll+0x834b1a]
V  [jvm.dll+0x8365de]
V  [jvm.dll+0x836c43]
V  [jvm.dll+0x2477ff]
V  [jvm.dll+0x67a109]
V  [jvm.dll+0x66eb7a]
V  [jvm.dll+0x30764b]
V  [jvm.dll+0x30eaf6]
V  [jvm.dll+0x35e83e]
V  [jvm.dll+0x35ea6f]
V  [jvm.dll+0x2de248]
V  [jvm.dll+0x2df1b4]
V  [jvm.dll+0x806381]
V  [jvm.dll+0x36c6f1]
V  [jvm.dll+0x7e4e26]
V  [jvm.dll+0x3eff3f]
V  [jvm.dll+0x3f1b71]
C  [jli.dll+0x528f]
C  [ucrtbase.dll+0x214c2]
C  [KERNEL32.DLL+0x16fd4]
C  [ntdll.dll+0x4cec1]


---------------  P R O C E S S  ---------------

Threads class SMR info:
_java_thread_list=0x00007ffcc0d3ee98, length=0, elements={
}

Java Threads: ( => current thread )

Other Threads:
  0x000002ba47623e70 GCTaskThread "GC Thread#0" [stack: 0x000000c7cba00000,0x000000c7cbb00000] [id=9236]
  0x000002ba47634810 ConcurrentGCThread "G1 Main Marker" [stack: 0x000000c7cbb00000,0x000000c7cbc00000] [id=24800]
  0x000002ba476358e0 ConcurrentGCThread "G1 Conc#0" [stack: 0x000000c7cbc00000,0x000000c7cbd00000] [id=10512]

[error occurred during error reporting (printing all threads), id 0xc0000005, EXCEPTION_ACCESS_VIOLATION (0xc0000005) at pc=0x00007ffcc04fec87]

VM state: not at safepoint (not fully initialized)

VM Mutex/Monitor currently owned by a thread:  ([mutex/lock_event])
[0x000002ba475c1aa0] Heap_lock - owner thread: 0x000002ba475c7eb0

Heap address: 0x0000000082600000, size: 2010 MB, Compressed Oops mode: 32-bit

CDS archive(s) mapped at: [0x0000000000000000-0x0000000000000000-0x0000000000000000), size 0, SharedBaseAddress: 0x0000000800000000, ArchiveRelocationMode: 1.
Narrow klass base: 0x0000000000000000, Narrow klass shift: 0, Narrow klass range: 0x0

GC Precious Log:
<Empty>

Heap:
 garbage-first heap   total 0K, used 0K [0x0000000082600000, 0x0000000100000000)
  region size 1024K, 0 young (0K), 0 survivors (0K)

[error occurred during error reporting (printing heap information), id 0xc0000005, EXCEPTION_ACCESS_VIOLATION (0xc0000005) at pc=0x00007ffcc08e6fb9]

GC Heap History (0 events):
No events

Dll operation events (1 events):
Event: 0.011 Loaded shared library C:\Users\Administrator\.jdks\corretto-17.0.10\bin\java.dll

Deoptimization events (0 events):
No events

Classes unloaded (0 events):
No events

Classes redefined (0 events):
No events

Internal exceptions (0 events):
No events

VM Operations (0 events):
No events

Events (0 events):
No events


Dynamic libraries:
0x00007ff7bf260000 - 0x00007ff7bf26e000 	C:\Users\Administrator\.jdks\corretto-17.0.10\bin\java.exe
0x00007ffd55670000 - 0x00007ffd55865000 	C:\Windows\SYSTEM32\ntdll.dll
0x00007ffd53f30000 - 0x00007ffd53fed000 	C:\Windows\System32\KERNEL32.DLL
0x00007ffd52db0000 - 0x00007ffd53077000 	C:\Windows\System32\KERNELBASE.dll
0x00007ffd53550000 - 0x00007ffd53650000 	C:\Windows\System32\ucrtbase.dll
0x00007ffd36c40000 - 0x00007ffd36c5b000 	C:\Users\Administrator\.jdks\corretto-17.0.10\bin\VCRUNTIME140.dll
0x00007ffd37070000 - 0x00007ffd37087000 	C:\Users\Administrator\.jdks\corretto-17.0.10\bin\jli.dll
0x00007ffd53860000 - 0x00007ffd53a00000 	C:\Windows\System32\USER32.dll
0x00007ffd53080000 - 0x00007ffd530a2000 	C:\Windows\System32\win32u.dll
0x00007ffd39200000 - 0x00007ffd3949b000 	C:\Windows\WinSxS\amd64_microsoft.windows.common-controls_6595b64144ccf1df_6.0.19041.488_none_ca04af081b815d21\COMCTL32.dll
0x00007ffd53a00000 - 0x00007ffd53a2a000 	C:\Windows\System32\GDI32.dll
0x00007ffd53d60000 - 0x00007ffd53dfe000 	C:\Windows\System32\msvcrt.dll
0x00007ffd53440000 - 0x00007ffd53549000 	C:\Windows\System32\gdi32full.dll
0x00007ffd53270000 - 0x00007ffd5330d000 	C:\Windows\System32\msvcp_win.dll
0x00007ffd546c0000 - 0x00007ffd546f0000 	C:\Windows\System32\IMM32.DLL
0x00007ffd37330000 - 0x00007ffd3733c000 	C:\Users\Administrator\.jdks\corretto-17.0.10\bin\vcruntime140_1.dll
0x00007ffcef9c0000 - 0x00007ffcefa4d000 	C:\Users\Administrator\.jdks\corretto-17.0.10\bin\msvcp140.dll
0x00007ffcc0210000 - 0x00007ffcc0e72000 	C:\Users\Administrator\.jdks\corretto-17.0.10\bin\server\jvm.dll
0x00007ffd54d30000 - 0x00007ffd54dda000 	C:\Windows\System32\ADVAPI32.dll
0x00007ffd54de0000 - 0x00007ffd54e7b000 	C:\Windows\System32\sechost.dll
0x00007ffd546f0000 - 0x00007ffd54814000 	C:\Windows\System32\RPCRT4.dll
0x00007ffd52360000 - 0x00007ffd523ab000 	C:\Windows\SYSTEM32\POWRPROF.dll
0x00007ffd4b600000 - 0x00007ffd4b609000 	C:\Windows\SYSTEM32\WSOCK32.dll
0x00007ffd541c0000 - 0x00007ffd5422b000 	C:\Windows\System32\WS2_32.dll
0x00007ffd31020000 - 0x00007ffd31047000 	C:\Windows\SYSTEM32\WINMM.dll
0x00007ffd47c30000 - 0x00007ffd47c3a000 	C:\Windows\SYSTEM32\VERSION.dll
0x00007ffd52220000 - 0x00007ffd52232000 	C:\Windows\SYSTEM32\UMPDC.dll
0x00007ffd516a0000 - 0x00007ffd516b3000 	C:\Windows\SYSTEM32\kernel.appcore.dll
0x00007ffd37190000 - 0x00007ffd3719a000 	C:\Users\Administrator\.jdks\corretto-17.0.10\bin\jimage.dll
0x00007ffd513b0000 - 0x00007ffd51594000 	C:\Windows\SYSTEM32\DBGHELP.DLL
0x00007ffd3de60000 - 0x00007ffd3de8c000 	C:\Windows\SYSTEM32\dbgcore.DLL
0x00007ffd53650000 - 0x00007ffd536cf000 	C:\Windows\System32\bcryptPrimitives.dll
0x00007ffd3bf40000 - 0x00007ffd3bf4e000 	C:\Users\Administrator\.jdks\corretto-17.0.10\bin\instrument.dll
0x00007ffd32400000 - 0x00007ffd32425000 	C:\Users\Administrator\.jdks\corretto-17.0.10\bin\java.dll

dbghelp: loaded successfully - version: 4.0.5 - missing functions: none
symbol engine: initialized successfully - sym options: 0x614 - pdb path: .;C:\Users\Administrator\.jdks\corretto-17.0.10\bin;C:\Windows\SYSTEM32;C:\Windows\WinSxS\amd64_microsoft.windows.common-controls_6595b64144ccf1df_6.0.19041.488_none_ca04af081b815d21;C:\Users\Administrator\.jdks\corretto-17.0.10\bin\server

VM Arguments:
jvm_args: -XX:TieredStopAtLevel=1 -Xverify:none -Dspring.output.ansi.enabled=always -Dcom.sun.management.jmxremote -Dspring.jmx.enabled=true -Dspring.liveBeansView.mbeanDomain -Dspring.application.admin.enabled=true -javaagent:D:\IntelliJ IDEA 2022.1.1\lib\idea_rt.jar=63740:D:\IntelliJ IDEA 2022.1.1\bin -Dfile.encoding=UTF-8 
java_command: com.sky.SkyApplication
java_class_path (initial): D:\毕业设计\take-out后端\take-out\server\target\classes;D:\毕业设计\take-out后端\take-out\common\target\classes;D:\maven-repository\commons-lang\commons-lang\2.6\commons-lang-2.6.jar;D:\maven-repository\org\springframework\boot\spring-boot-starter-json\2.7.3\spring-boot-starter-json-2.7.3.jar;D:\maven-repository\com\fasterxml\jackson\datatype\jackson-datatype-jdk8\2.13.3\jackson-datatype-jdk8-2.13.3.jar;D:\maven-repository\com\fasterxml\jackson\datatype\jackson-datatype-jsr310\2.13.3\jackson-datatype-jsr310-2.13.3.jar;D:\maven-repository\com\fasterxml\jackson\module\jackson-module-parameter-names\2.13.3\jackson-module-parameter-names-2.13.3.jar;D:\maven-repository\io\jsonwebtoken\jjwt\0.9.1\jjwt-0.9.1.jar;D:\maven-repository\com\aliyun\oss\aliyun-sdk-oss\3.10.2\aliyun-sdk-oss-3.10.2.jar;D:\maven-repository\org\apache\httpcomponents\httpclient\4.5.13\httpclient-4.5.13.jar;D:\maven-repository\org\apache\httpcomponents\httpcore\4.4.15\httpcore-4.4.15.jar;D:\maven-repository\org\jdom\jdom2\2.0.6.1\jdom2-2.0.6.1.jar;D:\maven-repository\org\codehaus\jettison\jettison\1.1\jettison-1.1.jar;D:\maven-repository\stax\stax-api\1.0.1\stax-api-1.0.1.jar;D:\maven-repository\com\aliyun\aliyun-java-sdk-core\3.4.0\aliyun-java-sdk-core-3.4.0.jar;D:\maven-repository\com\aliyun\aliyun-java-sdk-ram\3.0.0\aliyun-java-sdk-ram-3.0.0.jar;D:\maven-repository\com\aliyun\aliyun-java-sdk-sts\3.0.0\aliyun-java-sdk-sts-3.0.0.jar;D:\maven-repository\com\aliyun\aliyun-java-sdk-ecs\4.2.0\aliyun-java-sdk-ecs-4.2.0.jar;D:\maven-repository\com\aliyun\aliyun-java-sdk-kms\2.7.0\aliyun-java-sdk-kms-2.7.0.jar;D:\maven-repository\com\google\code\gson\gson\2.9.1\gson-2.9.1.jar;D:\maven-repository\com\github\wechatpay-apiv3\wechatpay-apache-httpclient\0.4.8\wechatpay-apache-httpclient-0.4.8.jar;D:\maven-repository\org\apache\httpcomponents\httpmime\4.5.13\httpmime-4.5.13.jar;D:\毕业设计\take-out后端\take-out\pojo\target\classes;D:\maven-repository\com\fasterxml\jackson\core\jackson
Launcher Type: SUN_STANDARD

[Global flags]
     intx CICompilerCount                          = 4                                         {product} {ergonomic}
     uint ConcGCThreads                            = 3                                         {product} {ergonomic}
     uint G1ConcRefinementThreads                  = 10                                        {product} {ergonomic}
   size_t G1HeapRegionSize                         = 1048576                                   {product} {ergonomic}
    uintx GCDrainStackTargetSize                   = 64                                        {product} {ergonomic}
   size_t InitialHeapSize                          = 132120576                                 {product} {ergonomic}
     bool ManagementServer                         = true                                      {product} {command line}
   size_t MarkStackSize                            = 4194304                                   {product} {ergonomic}
   size_t MaxHeapSize                              = 2107637760                                {product} {ergonomic}
   size_t MinHeapDeltaBytes                        = 1048576                                   {product} {ergonomic}
   size_t MinHeapSize                              = 8388608                                   {product} {ergonomic}
    uintx NonProfiledCodeHeapSize                  = 0                                      {pd product} {ergonomic}
     bool ProfileInterpreter                       = false                                  {pd product} {command line}
    uintx ProfiledCodeHeapSize                     = 0                                      {pd product} {ergonomic}
   size_t SoftMaxHeapSize                          = 2107637760                             {manageable} {ergonomic}
     intx TieredStopAtLevel                        = 1                                         {product} {command line}
     bool UseCompressedClassPointers               = true                           {product lp64_product} {ergonomic}
     bool UseCompressedOops                        = true                           {product lp64_product} {ergonomic}
     bool UseG1GC                                  = true                                      {product} {ergonomic}
     bool UseLargePagesIndividualAllocation        = false                                  {pd product} {ergonomic}

Logging:
Log output configuration:
 #0: stdout all=warning uptime,level,tags
 #1: stderr all=off uptime,level,tags

Environment Variables:
JAVA_HOME=C:\Program Files\Java\jdk1.8.0_181
CLASSPATH=.;C:\Program Files\Java\jdk1.8.0_181\lib\dt.jar;C:\Program Files\Java\jdk1.8.0_181\lib\tools.jar; 
PATH=C:\Program Files\Microsoft MPI\Bin\;C:\Program Files (x86)\VMware\VMware Workstation\bin\;C:\Program Files\Common Files\Oracle\Java\javapath;C:\Windows\system32;C:\Windows;C:\Windows\System32\Wbem;C:\Windows\System32\WindowsPowerShell\v1.0\;C:\Windows\System32\OpenSSH\;C:\Program Files (x86)\NVIDIA Corporation\PhysX\Common;C:\Program Files\NVIDIA Corporation\NVIDIA NvDLISR;C:\Program Files\dotnet\;C:\Program Files\Microsoft SQL Server\130\Tools\Binn\;C:\Program Files\Azure Data Studio\bin;C:\Program Files (x86)\Microsoft SQL Server\150\Tools\Binn\;C:\Program Files\Microsoft SQL Server\150\Tools\Binn\;C:\Program Files\Microsoft SQL Server\150\DTS\Binn\;C:\Program Files\Microsoft SQL Server\Client SDK\ODBC\130\Tools\Binn\;C:\Program Files\Microsoft SQL Server\Client SDK\ODBC\170\Tools\Binn\;C:\Strawberry\c\bin;C:\Strawberry\perl\site\bin;C:\Strawberry\perl\bin;C:\Program Files\nodejs\;C:\ProgramData\chocolatey\bin;C:\Program Files (x86)\Pandoc\;E:\Git\Git\cmd;E:\Cmder\cmder;F:\XFTP\;F:\XShell\;F:\apache-maven-3.6.3\bin;C:\Program Files\Java\jdk1.8.0_181\bin;C:\Program Files\Java\jdk1.8.0_181\jre\bin;C:\Program Files (x86)\Microsoft SQL Server\160\Tools\Binn\;C:\Program Files\Microsoft SQL Server\160\Tools\Binn\;C:\Program Files\Microsoft SQL Server\160\DTS\Binn\;C:\Program Files (x86)\Microsoft SQL Server\130\Tools\Binn\;C:\Program Files\Microsoft SQL Server\130\DTS\Binn\;E:\Python\Scripts\;E:\Python\;D:\mysql\mysql80\bin;C:\Windows;C:\Windows\system32;C:\Windows\system32\wbem;C:\Windows\system32;C:\Windows;C:\Windows\System32\Wbem;C:\Windows\System32\WindowsPowerShell\v1.0\;C:\Windows\System32\OpenSSH\;C:\Program Files (x86)\NVIDIA Corporation\PhysX\Common;C:\Program Files\NVIDIA Corporation\NVIDIA NvDLISR;C:\Program Files\dotnet\;C:\Program Files\Microsoft SQL Server\130\Tools\Binn\;C:\Users\Administrator\AppData\Local\Microsoft\WindowsApps;C:\Users\Administrator\.dotnet\tools;E:\Pycharm\PyCharm Community Edition 2022.2.2\bin;;C:\Program Files\Azure Data Studio\bi
USERNAME=Administrator
OS=Windows_NT
PROCESSOR_IDENTIFIER=Intel64 Family 6 Model 158 Stepping 10, GenuineIntel
TMP=C:\Users\Administrator\AppData\Local\Temp
TEMP=C:\Users\Administrator\AppData\Local\Temp



Periodic native trim disabled


---------------  S Y S T E M  ---------------

OS:
 Windows 10 , 64 bit Build 19041 (10.0.19041.292)
OS uptime: 0 days 17:19 hours

CPU: total 12 (initial active 12) (6 cores per cpu, 2 threads per core) family 6 model 158 stepping 10 microcode 0xde, cx8, cmov, fxsr, ht, mmx, 3dnowpref, sse, sse2, sse3, ssse3, sse4.1, sse4.2, popcnt, lzcnt, tsc, tscinvbit, avx, avx2, aes, erms, clmul, bmi1, bmi2, adx, fma, vzeroupper, clflush, clflushopt
Processor Information for all 12 processors :
  Max Mhz: 2592, Current Mhz: 2592, Mhz Limit: 2592

Memory: 4k page, system-wide physical 8035M (401M free)
TotalPageFile size 21785M (AvailPageFile size 114M)
current process WorkingSet (physical memory assigned to process): 10M, peak: 10M
current process commit charge ("private bytes"): 59M, peak: 185M

vm_info: OpenJDK 64-Bit Server VM (17.0.10+7-LTS) for windows-amd64 JRE (17.0.10+7-LTS), built on Jan 10 2024 22:11:07 by "Administrator" with MS VC++ 16.10 / 16.11 (VS2019)

END.
